This is pdfTeX, Version 3.14159265-2.6-1.40.21 (MiKTeX 20.7) (preloaded format=pdflatex 2020.11.16)  15 DEC 2020 14:05
entering extended mode
**C:/Users/bjesu/Desktop/Chuy_CSUN/Math_481_Project_3.tex
(C:/Users/bjesu/Desktop/Chuy_CSUN/Math_481_Project_3.tex
LaTeX2e <2020-02-02> patch level 5
L3 programming layer <2020-07-17>
("C:\Program Files\MiKTeX 2.9\tex/latex/base\article.cls"
Document Class: article 2019/12/20 v1.4l Standard LaTeX document class
("C:\Program Files\MiKTeX 2.9\tex/latex/base\size12.clo"
File: size12.clo 2019/12/20 v1.4l Standard LaTeX file (size option)
)
\c@part=\count168
\c@section=\count169
\c@subsection=\count170
\c@subsubsection=\count171
\c@paragraph=\count172
\c@subparagraph=\count173
\c@figure=\count174
\c@table=\count175
\abovecaptionskip=\skip47
\belowcaptionskip=\skip48
\bibindent=\dimen134
)
("C:\Program Files\MiKTeX 2.9\tex/latex/listings\listings.sty"
("C:\Program Files\MiKTeX 2.9\tex/latex/graphics\keyval.sty"
Package: keyval 2014/10/28 v1.15 key=value parser (DPC)
\KV@toks@=\toks15
)
\lst@mode=\count176
\lst@gtempboxa=\box45
\lst@token=\toks16
\lst@length=\count177
\lst@currlwidth=\dimen135
\lst@column=\count178
\lst@pos=\count179
\lst@lostspace=\dimen136
\lst@width=\dimen137
\lst@newlines=\count180
\lst@lineno=\count181
\lst@maxwidth=\dimen138

("C:\Program Files\MiKTeX 2.9\tex/latex/listings\lstmisc.sty"
File: lstmisc.sty 2020/03/24 1.8d (Carsten Heinz)
\c@lstnumber=\count182
\lst@skipnumbers=\count183
\lst@framebox=\box46
)
("C:\Program Files\MiKTeX 2.9\tex/latex/listings\listings.cfg"
File: listings.cfg 2020/03/24 1.8d listings configuration
))
Package: listings 2020/03/24 1.8d (Carsten Heinz)

(C:\Users\bjesu\AppData\Roaming\MiKTeX\2.9\tex/latex/geometry\geometry.sty
Package: geometry 2020/01/02 v5.9 Page Geometry

("C:\Program Files\MiKTeX 2.9\tex/generic/iftex\ifvtex.sty"
Package: ifvtex 2019/10/25 v1.7 ifvtex legacy package. Use iftex instead.

("C:\Program Files\MiKTeX 2.9\tex/generic/iftex\iftex.sty"
Package: iftex 2020/03/06 v1.0d TeX engine tests
))
\Gm@cnth=\count184
\Gm@cntv=\count185
\c@Gm@tempcnt=\count186
\Gm@bindingoffset=\dimen139
\Gm@wd@mp=\dimen140
\Gm@odd@mp=\dimen141
\Gm@even@mp=\dimen142
\Gm@layoutwidth=\dimen143
\Gm@layoutheight=\dimen144
\Gm@layouthoffset=\dimen145
\Gm@layoutvoffset=\dimen146
\Gm@dimlist=\toks17

(C:\Users\bjesu\AppData\Roaming\MiKTeX\2.9\tex/latex/geometry\geometry.cfg))
(C:\Users\bjesu\AppData\Roaming\MiKTeX\2.9\tex/latex/float\float.sty
Package: float 2001/11/08 v1.3d Float enhancements (AL)
\c@float@type=\count187
\float@exts=\toks18
\float@box=\box47
\@float@everytoks=\toks19
\@floatcapt=\box48
)
("C:\Program Files\MiKTeX 2.9\tex/latex/amsmath\amsmath.sty"
Package: amsmath 2020/01/20 v2.17e AMS math features
\@mathmargin=\skip49

For additional information on amsmath, use the `?' option.
("C:\Program Files\MiKTeX 2.9\tex/latex/amsmath\amstext.sty"
Package: amstext 2000/06/29 v2.01 AMS text

("C:\Program Files\MiKTeX 2.9\tex/latex/amsmath\amsgen.sty"
File: amsgen.sty 1999/11/30 v2.0 generic functions
\@emptytoks=\toks20
\ex@=\dimen147
))
("C:\Program Files\MiKTeX 2.9\tex/latex/amsmath\amsbsy.sty"
Package: amsbsy 1999/11/29 v1.2d Bold Symbols
\pmbraise@=\dimen148
)
("C:\Program Files\MiKTeX 2.9\tex/latex/amsmath\amsopn.sty"
Package: amsopn 2016/03/08 v2.02 operator names
)
\inf@bad=\count188
LaTeX Info: Redefining \frac on input line 227.
\uproot@=\count189
\leftroot@=\count190
LaTeX Info: Redefining \overline on input line 389.
\classnum@=\count191
\DOTSCASE@=\count192
LaTeX Info: Redefining \ldots on input line 486.
LaTeX Info: Redefining \dots on input line 489.
LaTeX Info: Redefining \cdots on input line 610.
\Mathstrutbox@=\box49
\strutbox@=\box50
\big@size=\dimen149
LaTeX Font Info:    Redeclaring font encoding OML on input line 733.
LaTeX Font Info:    Redeclaring font encoding OMS on input line 734.
\macc@depth=\count193
\c@MaxMatrixCols=\count194
\dotsspace@=\muskip16
\c@parentequation=\count195
\dspbrk@lvl=\count196
\tag@help=\toks21
\row@=\count197
\column@=\count198
\maxfields@=\count199
\andhelp@=\toks22
\eqnshift@=\dimen150
\alignsep@=\dimen151
\tagshift@=\dimen152
\tagwidth@=\dimen153
\totwidth@=\dimen154
\lineht@=\dimen155
\@envbody=\toks23
\multlinegap=\skip50
\multlinetaggap=\skip51
\mathdisplay@stack=\toks24
LaTeX Info: Redefining \[ on input line 2859.
LaTeX Info: Redefining \] on input line 2860.
)
(C:\Users\bjesu\AppData\Roaming\MiKTeX\2.9\tex/latex/amscls\amsthm.sty
Package: amsthm 2020/05/29 v2.20.6
\thm@style=\toks25
\thm@bodyfont=\toks26
\thm@headfont=\toks27
\thm@notefont=\toks28
\thm@headpunct=\toks29
\thm@preskip=\skip52
\thm@postskip=\skip53
\thm@headsep=\skip54
\dth@everypar=\toks30
)
("C:\Program Files\MiKTeX 2.9\tex/latex/amsfonts\amsfonts.sty"
Package: amsfonts 2013/01/14 v3.01 Basic AMSFonts support
\symAMSa=\mathgroup4
\symAMSb=\mathgroup5
LaTeX Font Info:    Redeclaring math symbol \hbar on input line 98.
LaTeX Font Info:    Overwriting math alphabet `\mathfrak' in version `bold'
(Font)                  U/euf/m/n --> U/euf/b/n on input line 106.
)
("C:\Program Files\MiKTeX 2.9\tex/latex/amsfonts\amssymb.sty"
Package: amssymb 2013/01/14 v3.01 AMS font symbols
)
(C:\Users\bjesu\AppData\Roaming\MiKTeX\2.9\tex/latex/caption\caption.sty
Package: caption 2020/10/26 v3.5g Customizing captions (AR)

(C:\Users\bjesu\AppData\Roaming\MiKTeX\2.9\tex/latex/caption\caption3.sty
Package: caption3 2020/10/21 v2.2e caption3 kernel (AR)
\captionmargin=\dimen156
\captionmargin@=\dimen157
\captionwidth=\dimen158
\caption@tempdima=\dimen159
\caption@indent=\dimen160
\caption@parindent=\dimen161
\caption@hangindent=\dimen162
Package caption Info: Standard document class detected.
)
\c@caption@flags=\count266
\c@continuedfloat=\count267
Package caption Info: float package is loaded.
Package caption Info: listings package is loaded.
)
(C:\Users\bjesu\AppData\Roaming\MiKTeX\2.9\tex/latex/caption\subcaption.sty
Package: subcaption 2020/10/07 v1.3j Sub-captions (AR)
\c@subfigure=\count268
\c@subtable=\count269
)

Package geometry Warning: Over-specification in `h'-direction.
    `width' (597.50787pt) is ignored.


Package geometry Warning: Over-specification in `v'-direction.
    `height' (845.04684pt) is ignored.


(C:\Users\bjesu\AppData\Roaming\MiKTeX\2.9\tex/latex/matlab-prettifier\matlab-p
rettifier.sty
Package: matlab-prettifier 2014/06/19 v0.3 A package for prettyprinting Matlab 
source code
 ("C:\Program Files\MiKTeX 2.9\tex/latex/base\textcomp.sty"
Package: textcomp 2020/02/02 v2.0n Standard LaTeX package
)
("C:\Program Files\MiKTeX 2.9\tex/latex/xcolor\xcolor.sty"
Package: xcolor 2016/05/11 v2.12 LaTeX color extensions (UK)

("C:\Program Files\MiKTeX 2.9\tex/latex/graphics-cfg\color.cfg"
File: color.cfg 2016/01/02 v1.6 sample color configuration
)
Package xcolor Info: Driver file: pdftex.def on input line 225.

("C:\Program Files\MiKTeX 2.9\tex/latex/graphics-def\pdftex.def"
File: pdftex.def 2018/01/08 v1.0l Graphics/color driver for pdftex
)
Package xcolor Info: Model `cmy' substituted by `cmy0' on input line 1348.
Package xcolor Info: Model `hsb' substituted by `rgb' on input line 1352.
Package xcolor Info: Model `RGB' extended on input line 1364.
Package xcolor Info: Model `HTML' substituted by `rgb' on input line 1366.
Package xcolor Info: Model `Hsb' substituted by `hsb' on input line 1367.
Package xcolor Info: Model `tHsb' substituted by `hsb' on input line 1368.
Package xcolor Info: Model `HSB' substituted by `hsb' on input line 1369.
Package xcolor Info: Model `Gray' substituted by `gray' on input line 1370.
Package xcolor Info: Model `wave' substituted by `hsb' on input line 1371.
)
\netBracketCount@mlpr=\count270
\blkLvl@mlpr=\count271
\blkLvlAtClassdef@mlpr=\count272
\emHeight@mlpr=\skip55
\jayDepth@mlpr=\skip56
\sectionRuleOffset@mlpr=\skip57
\toks@mlpr=\toks31
)
("C:\Program Files\MiKTeX 2.9\tex/latex/graphics\graphicx.sty"
Package: graphicx 2019/11/30 v1.2a Enhanced LaTeX Graphics (DPC,SPQR)

("C:\Program Files\MiKTeX 2.9\tex/latex/graphics\graphics.sty"
Package: graphics 2019/11/30 v1.4a Standard LaTeX Graphics (DPC,SPQR)

("C:\Program Files\MiKTeX 2.9\tex/latex/graphics\trig.sty"
Package: trig 2016/01/03 v1.10 sin cos tan (DPC)
)
("C:\Program Files\MiKTeX 2.9\tex/latex/graphics-cfg\graphics.cfg"
File: graphics.cfg 2016/06/04 v1.11 sample graphics configuration
)
Package graphics Info: Driver file: pdftex.def on input line 105.
)
\Gin@req@height=\dimen163
\Gin@req@width=\dimen164
)
("C:\Program Files\MiKTeX 2.9\tex/generic/babel\babel.sty"
Package: babel 2020/07/13 3.47 The Babel package

("C:\Program Files\MiKTeX 2.9\tex/generic/babel\babel.def"
File: babel.def 2020/07/13 3.47 Babel common definitions
\babel@savecnt=\count273
\U@D=\dimen165
\l@babelnohyphens=\language79

("C:\Program Files\MiKTeX 2.9\tex/generic/babel\txtbabel.def")
\bbl@readstream=\read2
)
\bbl@dirlevel=\count274

*************************************
* Local config file bblopts.cfg used
*
("C:\Program Files\MiKTeX 2.9\tex/latex/arabi\bblopts.cfg"
File: bblopts.cfg 2005/09/08 v0.1 add Arabic and Farsi to "declared" options of
 babel
)
("C:\Program Files\MiKTeX 2.9\tex/latex/babel-english\english.ldf"
Language: english 2017/06/06 v3.3r English support from the babel system
Package babel Info: \l@canadian = using hyphenrules for english
(babel)             (\language0) on input line 102.
Package babel Info: \l@australian = using hyphenrules for ukenglish
(babel)             (\language73) on input line 105.
Package babel Info: \l@newzealand = using hyphenrules for ukenglish
(babel)             (\language73) on input line 108.
))
("C:\Program Files\MiKTeX 2.9\tex/latex/base\inputenc.sty"
Package: inputenc 2018/08/11 v1.3c Input encoding file
\inpenc@prehook=\toks32
\inpenc@posthook=\toks33
)
("C:\Program Files\MiKTeX 2.9\tex/latex/l3backend\l3backend-pdfmode.def"
File: l3backend-pdfmode.def 2020-06-29 L3 backend support: PDF mode
\l__kernel_color_stack_int=\count275
\l__pdf_internal_box=\box51
)
No file Math_481_Project_3.aux.
\openout1 = `Math_481_Project_3.aux'.

LaTeX Font Info:    Checking defaults for OML/cmm/m/it on input line 22.
LaTeX Font Info:    ... okay on input line 22.
LaTeX Font Info:    Checking defaults for OMS/cmsy/m/n on input line 22.
LaTeX Font Info:    ... okay on input line 22.
LaTeX Font Info:    Checking defaults for OT1/cmr/m/n on input line 22.
LaTeX Font Info:    ... okay on input line 22.
LaTeX Font Info:    Checking defaults for T1/cmr/m/n on input line 22.
LaTeX Font Info:    ... okay on input line 22.
LaTeX Font Info:    Checking defaults for TS1/cmr/m/n on input line 22.
LaTeX Font Info:    ... okay on input line 22.
LaTeX Font Info:    Checking defaults for OMX/cmex/m/n on input line 22.
LaTeX Font Info:    ... okay on input line 22.
LaTeX Font Info:    Checking defaults for U/cmr/m/n on input line 22.
LaTeX Font Info:    ... okay on input line 22.
\c@lstlisting=\count276
*geometry* driver: auto-detecting
*geometry* detected driver: pdftex
*geometry* verbose mode - [ preamble ] result:
* driver: pdftex
* paper: a4paper
* layout: <same size as paper>
* layoutoffset:(h,v)=(0.0pt,0.0pt)
* modes: 
* h-part:(L,W,R)=(72.26997pt, 452.96793pt, 72.26997pt)
* v-part:(T,H,B)=(72.26997pt, 700.5069pt, 72.26997pt)
* \paperwidth=597.50787pt
* \paperheight=845.04684pt
* \textwidth=452.96793pt
* \textheight=700.5069pt
* \oddsidemargin=-0.00002pt
* \evensidemargin=-0.00002pt
* \topmargin=-37.00002pt
* \headheight=12.0pt
* \headsep=25.0pt
* \topskip=12.0pt
* \footskip=30.0pt
* \marginparwidth=44.0pt
* \marginparsep=10.0pt
* \columnsep=10.0pt
* \skip\footins=10.8pt plus 4.0pt minus 2.0pt
* \hoffset=0.0pt
* \voffset=0.0pt
* \mag=1000
* \@twocolumnfalse
* \@twosidefalse
* \@mparswitchfalse
* \@reversemarginfalse
* (1in=72.27pt=25.4mm, 1cm=28.453pt)

Package caption Info: Begin \AtBeginDocument code.
Package caption Info: End \AtBeginDocument code.
("C:\Program Files\MiKTeX 2.9\tex/context/base/mkii\supp-pdf.mkii"
[Loading MPS to PDF converter (version 2006.09.02).]
\scratchcounter=\count277
\scratchdimen=\dimen166
\scratchbox=\box52
\nofMPsegments=\count278
\nofMParguments=\count279
\everyMPshowfont=\toks34
\MPscratchCnt=\count280
\MPscratchDim=\dimen167
\MPnumerator=\count281
\makeMPintoPDFobject=\count282
\everyMPtoPDFconversion=\toks35
) ("C:\Program Files\MiKTeX 2.9\tex/latex/epstopdf-pkg\epstopdf-base.sty"
Package: epstopdf-base 2020-01-24 v2.11 Base part for package epstopdf

(C:\Users\bjesu\AppData\Roaming\MiKTeX\2.9\tex/generic/infwarerr\infwarerr.sty
Package: infwarerr 2019/12/03 v1.5 Providing info/warning/error messages (HO)
) (C:\Users\bjesu\AppData\Roaming\MiKTeX\2.9\tex/latex/grfext\grfext.sty
Package: grfext 2019/12/03 v1.3 Manage graphics extensions (HO)

(C:\Users\bjesu\AppData\Roaming\MiKTeX\2.9\tex/generic/kvdefinekeys\kvdefinekey
s.sty
Package: kvdefinekeys 2019-12-19 v1.6 Define keys (HO)
))
(C:\Users\bjesu\AppData\Roaming\MiKTeX\2.9\tex/latex/kvoptions\kvoptions.sty
Package: kvoptions 2020-10-07 v3.14 Key value format for package options (HO)

(C:\Users\bjesu\AppData\Roaming\MiKTeX\2.9\tex/generic/ltxcmds\ltxcmds.sty
Package: ltxcmds 2020-05-10 v1.25 LaTeX kernel commands for general use (HO)
)
(C:\Users\bjesu\AppData\Roaming\MiKTeX\2.9\tex/generic/kvsetkeys\kvsetkeys.sty
Package: kvsetkeys 2019/12/15 v1.18 Key value parser (HO)
)) ("C:\Program Files\MiKTeX 2.9\tex/generic/pdftexcmds\pdftexcmds.sty"
Package: pdftexcmds 2020-06-27 v0.33 Utility functions of pdfTeX for LuaTeX (HO
)
Package pdftexcmds Info: \pdf@primitive is available.
Package pdftexcmds Info: \pdf@ifprimitive is available.
Package pdftexcmds Info: \pdfdraftmode found.
)
Package epstopdf-base Info: Redefining graphics rule for `.eps' on input line 4
85.
Package grfext Info: Graphics extension search list:
(grfext)             [.pdf,.png,.jpg,.mps,.jpeg,.jbig2,.jb2,.PDF,.PNG,.JPG,.JPE
G,.JBIG2,.JB2,.eps]
(grfext)             \AppendGraphicsExtensions on input line 504.
)
LaTeX Font Info:    Trying to load font information for U+msa on input line 25.


("C:\Program Files\MiKTeX 2.9\tex/latex/amsfonts\umsa.fd"
File: umsa.fd 2013/01/14 v3.01 AMS symbols A
)
LaTeX Font Info:    Trying to load font information for U+msb on input line 25.


("C:\Program Files\MiKTeX 2.9\tex/latex/amsfonts\umsb.fd"
File: umsb.fd 2013/01/14 v3.01 AMS symbols B
)
No file Math_481_Project_3.toc.
\tf@toc=\write3
\openout3 = `Math_481_Project_3.toc'.

[1

{C:/Users/bjesu/AppData/Local/MiKTeX/2.9/pdftex/config/pdftex.map}]
LaTeX Font Info:    Trying to load font information for OT1+fvm on input line 3
4.
LaTeX Font Info:    No file OT1fvm.fd. on input line 34.


LaTeX Font Warning: Font shape `OT1/fvm/m/n' undefined
(Font)              using `OT1/cmr/m/n' instead on input line 34.

Package textcomp Info: Symbol \textminus not provided by
(textcomp)             font family fvm in TS1 encoding.
(textcomp)             Default family used instead on input line 39.
Package textcomp Info: Symbol \textminus not provided by
(textcomp)             font family fvm in TS1 encoding.
(textcomp)             Default family used instead on input line 47.
Package textcomp Info: Symbol \textminus not provided by
(textcomp)             font family fvm in TS1 encoding.
(textcomp)             Default family used instead on input line 48.
Package textcomp Info: Symbol \textminus not provided by
(textcomp)             font family fvm in TS1 encoding.
(textcomp)             Default family used instead on input line 49.
Package textcomp Info: Symbol \textminus not provided by
(textcomp)             font family fvm in TS1 encoding.
(textcomp)             Default family used instead on input line 50.
LaTeX Font Info:    Trying to load font information for TS1+fvm on input line 5
3.
(C:\Users\bjesu\AppData\Roaming\MiKTeX\2.9\tex/latex/bera\ts1fvm.fd
File: ts1fvm.fd 2004/09/07 scalable font definitions for TS1/fvm.
)
LaTeX Font Info:    Font shape `TS1/fvm/m/n' will be
(Font)              scaled to size 10.20007pt on input line 53.
LaTeX Font Info:    Trying to load font information for OMS+fvm on input line 5
3.
LaTeX Font Info:    No file OMSfvm.fd. on input line 53.


LaTeX Font Warning: Font shape `OMS/fvm/m/n' undefined
(Font)              using `OMS/cmsy/m/n' instead
(Font)              for symbol `textbackslash' on input line 53.

Package textcomp Info: Symbol \textminus not provided by
(textcomp)             font family fvm in TS1 encoding.
(textcomp)             Default family used instead on input line 53.
Package textcomp Info: Symbol \textminus not provided by
(textcomp)             font family fvm in TS1 encoding.
(textcomp)             Default family used instead on input line 54.
Package textcomp Info: Symbol \textminus not provided by
(textcomp)             font family fvm in TS1 encoding.
(textcomp)             Default family used instead on input line 54.
Package textcomp Info: Symbol \textminus not provided by
(textcomp)             font family fvm in TS1 encoding.
(textcomp)             Default family used instead on input line 54.
Package textcomp Info: Symbol \textminus not provided by
(textcomp)             font family fvm in TS1 encoding.
(textcomp)             Default family used instead on input line 54.
Package textcomp Info: Symbol \textminus not provided by
(textcomp)             font family fvm in TS1 encoding.
(textcomp)             Default family used instead on input line 54.
Package textcomp Info: Symbol \textminus not provided by
(textcomp)             font family fvm in TS1 encoding.
(textcomp)             Default family used instead on input line 55.
Package textcomp Info: Symbol \textminus not provided by
(textcomp)             font family fvm in TS1 encoding.
(textcomp)             Default family used instead on input line 55.
Package textcomp Info: Symbol \textminus not provided by
(textcomp)             font family fvm in TS1 encoding.
(textcomp)             Default family used instead on input line 55.
Package textcomp Info: Symbol \textminus not provided by
(textcomp)             font family fvm in TS1 encoding.
(textcomp)             Default family used instead on input line 55.
Package textcomp Info: Symbol \textminus not provided by
(textcomp)             font family fvm in TS1 encoding.
(textcomp)             Default family used instead on input line 55.
Package textcomp Info: Symbol \textminus not provided by
(textcomp)             font family fvm in TS1 encoding.
(textcomp)             Default family used instead on input line 56.
Package textcomp Info: Symbol \textminus not provided by
(textcomp)             font family fvm in TS1 encoding.
(textcomp)             Default family used instead on input line 56.
Package textcomp Info: Symbol \textminus not provided by
(textcomp)             font family fvm in TS1 encoding.
(textcomp)             Default family used instead on input line 56.
Package textcomp Info: Symbol \textminus not provided by
(textcomp)             font family fvm in TS1 encoding.
(textcomp)             Default family used instead on input line 56.
Package textcomp Info: Symbol \textminus not provided by
(textcomp)             font family fvm in TS1 encoding.
(textcomp)             Default family used instead on input line 56.
Package textcomp Info: Symbol \textminus not provided by
(textcomp)             font family fvm in TS1 encoding.
(textcomp)             Default family used instead on input line 57.
Package textcomp Info: Symbol \textminus not provided by
(textcomp)             font family fvm in TS1 encoding.
(textcomp)             Default family used instead on input line 57.
Package textcomp Info: Symbol \textminus not provided by
(textcomp)             font family fvm in TS1 encoding.
(textcomp)             Default family used instead on input line 57.
Package textcomp Info: Symbol \textminus not provided by
(textcomp)             font family fvm in TS1 encoding.
(textcomp)             Default family used instead on input line 57.
Package textcomp Info: Symbol \textminus not provided by
(textcomp)             font family fvm in TS1 encoding.
(textcomp)             Default family used instead on input line 57.
Package textcomp Info: Symbol \textminus not provided by
(textcomp)             font family fvm in TS1 encoding.
(textcomp)             Default family used instead on input line 58.
Package textcomp Info: Symbol \textminus not provided by
(textcomp)             font family fvm in TS1 encoding.
(textcomp)             Default family used instead on input line 59.
Package textcomp Info: Symbol \textminus not provided by
(textcomp)             font family fvm in TS1 encoding.
(textcomp)             Default family used instead on input line 59.
Package textcomp Info: Symbol \textminus not provided by
(textcomp)             font family fvm in TS1 encoding.
(textcomp)             Default family used instead on input line 59.
Package textcomp Info: Symbol \textminus not provided by
(textcomp)             font family fvm in TS1 encoding.
(textcomp)             Default family used instead on input line 59.
Package textcomp Info: Symbol \textminus not provided by
(textcomp)             font family fvm in TS1 encoding.
(textcomp)             Default family used instead on input line 59.
Package textcomp Info: Symbol \textminus not provided by
(textcomp)             font family fvm in TS1 encoding.
(textcomp)             Default family used instead on input line 60.
Package textcomp Info: Symbol \textminus not provided by
(textcomp)             font family fvm in TS1 encoding.
(textcomp)             Default family used instead on input line 60.
Package textcomp Info: Symbol \textminus not provided by
(textcomp)             font family fvm in TS1 encoding.
(textcomp)             Default family used instead on input line 60.
Package textcomp Info: Symbol \textminus not provided by
(textcomp)             font family fvm in TS1 encoding.
(textcomp)             Default family used instead on input line 60.
Package textcomp Info: Symbol \textminus not provided by
(textcomp)             font family fvm in TS1 encoding.
(textcomp)             Default family used instead on input line 60.
[2]
Package textcomp Info: Symbol \textminus not provided by
(textcomp)             font family fvm in TS1 encoding.
(textcomp)             Default family used instead on input line 61.
Package textcomp Info: Symbol \textminus not provided by
(textcomp)             font family fvm in TS1 encoding.
(textcomp)             Default family used instead on input line 61.
Package textcomp Info: Symbol \textminus not provided by
(textcomp)             font family fvm in TS1 encoding.
(textcomp)             Default family used instead on input line 61.
Package textcomp Info: Symbol \textminus not provided by
(textcomp)             font family fvm in TS1 encoding.
(textcomp)             Default family used instead on input line 61.
Package textcomp Info: Symbol \textminus not provided by
(textcomp)             font family fvm in TS1 encoding.
(textcomp)             Default family used instead on input line 61.
Package textcomp Info: Symbol \textminus not provided by
(textcomp)             font family fvm in TS1 encoding.
(textcomp)             Default family used instead on input line 63.
Package textcomp Info: Symbol \textminus not provided by
(textcomp)             font family fvm in TS1 encoding.
(textcomp)             Default family used instead on input line 64.
Package textcomp Info: Symbol \textminus not provided by
(textcomp)             font family fvm in TS1 encoding.
(textcomp)             Default family used instead on input line 64.
Package textcomp Info: Symbol \textminus not provided by
(textcomp)             font family fvm in TS1 encoding.
(textcomp)             Default family used instead on input line 64.
Package textcomp Info: Symbol \textminus not provided by
(textcomp)             font family fvm in TS1 encoding.
(textcomp)             Default family used instead on input line 64.
Package textcomp Info: Symbol \textminus not provided by
(textcomp)             font family fvm in TS1 encoding.
(textcomp)             Default family used instead on input line 64.
Package textcomp Info: Symbol \textminus not provided by
(textcomp)             font family fvm in TS1 encoding.
(textcomp)             Default family used instead on input line 65.
Package textcomp Info: Symbol \textminus not provided by
(textcomp)             font family fvm in TS1 encoding.
(textcomp)             Default family used instead on input line 65.
Package textcomp Info: Symbol \textminus not provided by
(textcomp)             font family fvm in TS1 encoding.
(textcomp)             Default family used instead on input line 65.
Package textcomp Info: Symbol \textminus not provided by
(textcomp)             font family fvm in TS1 encoding.
(textcomp)             Default family used instead on input line 65.
Package textcomp Info: Symbol \textminus not provided by
(textcomp)             font family fvm in TS1 encoding.
(textcomp)             Default family used instead on input line 65.
Package textcomp Info: Symbol \textminus not provided by
(textcomp)             font family fvm in TS1 encoding.
(textcomp)             Default family used instead on input line 66.
Package textcomp Info: Symbol \textminus not provided by
(textcomp)             font family fvm in TS1 encoding.
(textcomp)             Default family used instead on input line 66.
Package textcomp Info: Symbol \textminus not provided by
(textcomp)             font family fvm in TS1 encoding.
(textcomp)             Default family used instead on input line 66.
Package textcomp Info: Symbol \textminus not provided by
(textcomp)             font family fvm in TS1 encoding.
(textcomp)             Default family used instead on input line 66.
Package textcomp Info: Symbol \textminus not provided by
(textcomp)             font family fvm in TS1 encoding.
(textcomp)             Default family used instead on input line 66.
Package textcomp Info: Symbol \textminus not provided by
(textcomp)             font family fvm in TS1 encoding.
(textcomp)             Default family used instead on input line 67.
Package textcomp Info: Symbol \textminus not provided by
(textcomp)             font family fvm in TS1 encoding.
(textcomp)             Default family used instead on input line 67.
Package textcomp Info: Symbol \textminus not provided by
(textcomp)             font family fvm in TS1 encoding.
(textcomp)             Default family used instead on input line 67.
Package textcomp Info: Symbol \textminus not provided by
(textcomp)             font family fvm in TS1 encoding.
(textcomp)             Default family used instead on input line 67.
Package textcomp Info: Symbol \textminus not provided by
(textcomp)             font family fvm in TS1 encoding.
(textcomp)             Default family used instead on input line 67.
Package textcomp Info: Symbol \textminus not provided by
(textcomp)             font family fvm in TS1 encoding.
(textcomp)             Default family used instead on input line 68.
Package textcomp Info: Symbol \textminus not provided by
(textcomp)             font family fvm in TS1 encoding.
(textcomp)             Default family used instead on input line 69.
Package textcomp Info: Symbol \textminus not provided by
(textcomp)             font family fvm in TS1 encoding.
(textcomp)             Default family used instead on input line 69.
Package textcomp Info: Symbol \textminus not provided by
(textcomp)             font family fvm in TS1 encoding.
(textcomp)             Default family used instead on input line 69.
Package textcomp Info: Symbol \textminus not provided by
(textcomp)             font family fvm in TS1 encoding.
(textcomp)             Default family used instead on input line 69.
Package textcomp Info: Symbol \textminus not provided by
(textcomp)             font family fvm in TS1 encoding.
(textcomp)             Default family used instead on input line 69.
Package textcomp Info: Symbol \textminus not provided by
(textcomp)             font family fvm in TS1 encoding.
(textcomp)             Default family used instead on input line 70.
Package textcomp Info: Symbol \textminus not provided by
(textcomp)             font family fvm in TS1 encoding.
(textcomp)             Default family used instead on input line 70.
Package textcomp Info: Symbol \textminus not provided by
(textcomp)             font family fvm in TS1 encoding.
(textcomp)             Default family used instead on input line 70.
Package textcomp Info: Symbol \textminus not provided by
(textcomp)             font family fvm in TS1 encoding.
(textcomp)             Default family used instead on input line 70.
Package textcomp Info: Symbol \textminus not provided by
(textcomp)             font family fvm in TS1 encoding.
(textcomp)             Default family used instead on input line 70.
Package textcomp Info: Symbol \textminus not provided by
(textcomp)             font family fvm in TS1 encoding.
(textcomp)             Default family used instead on input line 71.
Package textcomp Info: Symbol \textminus not provided by
(textcomp)             font family fvm in TS1 encoding.
(textcomp)             Default family used instead on input line 71.
Package textcomp Info: Symbol \textminus not provided by
(textcomp)             font family fvm in TS1 encoding.
(textcomp)             Default family used instead on input line 71.
Package textcomp Info: Symbol \textminus not provided by
(textcomp)             font family fvm in TS1 encoding.
(textcomp)             Default family used instead on input line 71.
Package textcomp Info: Symbol \textminus not provided by
(textcomp)             font family fvm in TS1 encoding.
(textcomp)             Default family used instead on input line 71.
Package textcomp Info: Symbol \textminus not provided by
(textcomp)             font family fvm in TS1 encoding.
(textcomp)             Default family used instead on input line 73.
Package textcomp Info: Symbol \textminus not provided by
(textcomp)             font family fvm in TS1 encoding.
(textcomp)             Default family used instead on input line 75.
Package textcomp Info: Symbol \textminus not provided by
(textcomp)             font family fvm in TS1 encoding.
(textcomp)             Default family used instead on input line 83.
 [3] (Math_481_Project_3.aux)

LaTeX Font Warning: Some font shapes were not available, defaults substituted.

 ) 
Here is how much of TeX's memory you used:
 7730 strings out of 481225
 112871 string characters out of 2914051
 602405 words of memory out of 3000000
 23204 multiletter control sequences out of 15000+200000
 540383 words of font info for 49 fonts, out of 3000000 for 9000
 1141 hyphenation exceptions out of 8191
 40i,6n,56p,362b,1750s stack positions out of 5000i,500n,10000p,200000b,50000s

!pdfTeX error: pdflatex (file fvmr8r): Font fvmr8r at 612 not found
 ==> Fatal error occurred, no output PDF file produced!
